Circuit: .title KiCad schematic

Per .tran options, skipping operating point for transient analysis.
Changing Tseed to 1e-008
Changing Tseed to 1e-010
Changing Tseed to 1e-007
Changing Tseed to 1e-011
Changing Tseed to 1e-006
Changing Tseed to 1e-012
Changing Tseed to 1e-005
Changing Tseed to 1e-013
Changing Tseed to 0.0001
Changing Tseed to 1e-014
Changing Tseed to 0.001
Changing Tseed to 1e-015
Heightened Def Con from 0 Changing Tseed to 1e-009
Changing Tseed to 1e-011
Changing Tseed to 1e-008
Changing Tseed to 1e-012
Changing Tseed to 1e-007
Changing Tseed to 1e-013
Changing Tseed to 1e-006
Changing Tseed to 1e-014
Changing Tseed to 1e-005
Changing Tseed to 1e-015
Changing Tseed to 0.0001
Changing Tseed to 1e-016
+Changing Tseed to 1e-009
Changing Tseed to 1e-011
Changing Tseed to 1e-008
Changing Tseed to 1e-012
Changing Tseed to 1e-007
Changing Tseed to 1e-013
Changing Tseed to 1e-006
Changing Tseed to 1e-014
Changing Tseed to 1e-005
Changing Tseed to 1e-015
Changing Tseed to 0.0001
Changing Tseed to 1e-016
+Changing Tseed to 1e-009
Changing Tseed to 1e-011
Changing Tseed to 1e-008
Changing Tseed to 1e-012
Changing Tseed to 1e-007
Changing Tseed to 1e-013
Changing Tseed to 1e-006
Changing Tseed to 1e-014
Changing Tseed to 1e-005
Changing Tseed to 1e-015
Changing Tseed to 0.0001
Changing Tseed to 1e-016
+Changing Tseed to 1e-009
Changing Tseed to 1e-011
Changing Tseed to 1e-008
Changing Tseed to 1e-012
Changing Tseed to 1e-007
Changing Tseed to 1e-013
Changing Tseed to 1e-006
Changing Tseed to 1e-014
Changing Tseed to 1e-005
Changing Tseed to 1e-015
Changing Tseed to 0.0001
Changing Tseed to 1e-016
+Changing Tseed to 1e-009
Changing Tseed to 1e-011
Changing Tseed to 1e-008
Changing Tseed to 1e-012
Changing Tseed to 1e-007
Changing Tseed to 1e-013
Changing Tseed to 1e-006
Changing Tseed to 1e-014
Changing Tseed to 1e-005
Changing Tseed to 1e-015
Changing Tseed to 0.0001
Changing Tseed to 1e-016
+Changing Tseed to 1e-009
Changing Tseed to 1e-011
Changing Tseed to 1e-008
Changing Tseed to 1e-012
Changing Tseed to 1e-007
Changing Tseed to 1e-013
Changing Tseed to 1e-006
Changing Tseed to 1e-014
Changing Tseed to 1e-005
Changing Tseed to 1e-015
Changing Tseed to 0.0001
Changing Tseed to 1e-016
+Changing Tseed to 1e-009
Changing Tseed to 1e-011
Changing Tseed to 1e-008
Changing Tseed to 1e-012
Changing Tseed to 1e-007
Changing Tseed to 1e-013
Changing Tseed to 1e-006
Changing Tseed to 1e-014
Changing Tseed to 1e-005
Changing Tseed to 1e-015
Changing Tseed to 0.0001
Changing Tseed to 1e-016
+Changing Tseed to 1e-009
Changing Tseed to 1e-011
Changing Tseed to 1e-008
Changing Tseed to 1e-012
Changing Tseed to 1e-007
Changing Tseed to 1e-013
Changing Tseed to 1e-006
Changing Tseed to 1e-014
Changing Tseed to 1e-005
Changing Tseed to 1e-015
Changing Tseed to 0.0001
Changing Tseed to 1e-016
+Changing Tseed to 1e-009
Changing Tseed to 1e-011
Changing Tseed to 1e-008
Changing Tseed to 1e-012
Changing Tseed to 1e-007
Changing Tseed to 1e-013
Changing Tseed to 1e-006
Changing Tseed to 1e-014
Changing Tseed to 1e-005
Changing Tseed to 1e-015
Changing Tseed to 0.0001
Changing Tseed to 1e-016
+Changing Tseed to 1e-009
Changing Tseed to 1e-011
Changing Tseed to 1e-008
Changing Tseed to 1e-012
Changing Tseed to 1e-007
Changing Tseed to 1e-013
Changing Tseed to 1e-006
Changing Tseed to 1e-014
Changing Tseed to 1e-005
Changing Tseed to 1e-015
Changing Tseed to 0.0001
Changing Tseed to 1e-016
+Changing Tseed to 1e-009
Changing Tseed to 1e-011
Changing Tseed to 1e-008
Changing Tseed to 1e-012
Changing Tseed to 1e-007
Changing Tseed to 1e-013
Changing Tseed to 1e-006
Changing Tseed to 1e-014
Changing Tseed to 1e-005
Changing Tseed to 1e-015
Changing Tseed to 0.0001
Changing Tseed to 1e-016
+Changing Tseed to 1e-009
Changing Tseed to 1e-011
Changing Tseed to 1e-008
Changing Tseed to 1e-012
Changing Tseed to 1e-007
Changing Tseed to 1e-013
Changing Tseed to 1e-006
Changing Tseed to 1e-014
Changing Tseed to 1e-005
Changing Tseed to 1e-015
Changing Tseed to 0.0001
Changing Tseed to 1e-016
+Changing Tseed to 1e-009
Changing Tseed to 1e-011
Changing Tseed to 1e-008
Changing Tseed to 1e-012
Changing Tseed to 1e-007
Changing Tseed to 1e-013
Changing Tseed to 1e-006
Changing Tseed to 1e-014
Changing Tseed to 1e-005
Changing Tseed to 1e-015
Changing Tseed to 0.0001
Changing Tseed to 1e-016
+Changing Tseed to 1e-009
Changing Tseed to 1e-011
Changing Tseed to 1e-008
Changing Tseed to 1e-012
Changing Tseed to 1e-007
Changing Tseed to 1e-013
Changing Tseed to 1e-006
Changing Tseed to 1e-014
Changing Tseed to 1e-005
Changing Tseed to 1e-015
Changing Tseed to 0.0001
Changing Tseed to 1e-016
+Changing Tseed to 1e-009
Changing Tseed to 1e-011
Changing Tseed to 1e-008
Changing Tseed to 1e-012
Changing Tseed to 1e-007
Changing Tseed to 1e-013
Changing Tseed to 1e-006
Changing Tseed to 1e-014
Changing Tseed to 1e-005
Changing Tseed to 1e-015
Changing Tseed to 0.0001
Changing Tseed to 1e-016
+Changing Tseed to 1e-009
Changing Tseed to 1e-011
Changing Tseed to 1e-008
Changing Tseed to 1e-012
Changing Tseed to 1e-007
Changing Tseed to 1e-013
Changing Tseed to 1e-006
Changing Tseed to 1e-014
Changing Tseed to 1e-005
Changing Tseed to 1e-015
Changing Tseed to 0.0001
Changing Tseed to 1e-016
+Changing Tseed to 1e-009
Changing Tseed to 1e-011
Changing Tseed to 1e-008
Changing Tseed to 1e-012
Changing Tseed to 1e-007
Changing Tseed to 1e-013
Changing Tseed to 1e-006
Changing Tseed to 1e-014
Changing Tseed to 1e-005
Changing Tseed to 1e-015
Changing Tseed to 0.0001
Changing Tseed to 1e-016
+Changing Tseed to 1e-009
Changing Tseed to 1e-011
to 1.125e-011
Heightened Def Con from 1.125e-011 +++++++++++++++++to 6.3625e-010

Date: Wed Mar 09 16:32:51 2022
Total elapsed time: 5.027 seconds.

tnom = 27
temp = 27
method = modified trap
totiter = 280144
traniter = 280144
tranpoints = 87673
accept = 62997
rejected = 24494
matrix size = 109
fillins = 163
solver = Normal
Thread vector: 8.8/7.6[2] 8.8/3.9[2] 1.3/3.8[1] 0.6/2.0[1]  2592/500
Matrix Compiler1: 13.86 KB object code size  3.4/1.9/[1.0]
Matrix Compiler2: 11.63 KB object code size  1.2/2.4/[0.7]

